<?xml version="1.0" encoding="UTF-8"?>
<!-- Generated by org.testng.reporters.JUnitReportReporter -->
<testsuite skipped="0" hostname="DESKTOP-KCCH660" name="Runner.AppRunner" tests="1" failures="0" timestamp="2023-06-04T22:50:35 BDT" time="52.040" errors="0">
  <testcase name="runScenario" time="52.040" classname="Runner.AppRunner"/>
  <system-out/>
</testsuite> <!-- Runner.AppRunner -->
