<?xml version="1.0" encoding="UTF-8"?>
<!-- Generated by org.testng.reporters.JUnitReportReporter -->
<testsuite skipped="0" hostname="DESKTOP-KCCH660" name="Runner.APiRunner" tests="2" failures="0" timestamp="2023-06-04T22:50:35 BDT" time="5.689" errors="0">
  <testcase name="runScenario" time="4.775" classname="Runner.APiRunner"/>
  <system-out/>
  <testcase name="runScenario" time="0.914" classname="Runner.APiRunner"/>
  <system-out/>
</testsuite> <!-- Runner.APiRunner -->
